# Logfile created on 2022-02-26 23:30:48 +0300 by logger.rb/66358
I, [2022-02-26T23:30:48.613651 #3278]  INFO -- : Running example 'Verifying a pact between TodoApp and TodoService Given add todo successfully a request to create a new todo with POST /api/v1/todos returns a response which has status code 200'
I, [2022-02-26T23:30:48.613852 #3278]  INFO -- : Sending POST request to path: "/api/v1/todos" with headers: {"CONTENT_TYPE"=>"application/json", "HTTP_X_PACT_ORIGINAL_HEADER_NAMES"=>"Content-Type", "X_PACT_PROVIDER_STATES"=>[{"name"=>"add todo successfully"}]}, see debug logs for body
D, [2022-02-26T23:30:48.613897 #3278] DEBUG -- : body :{"task":"buy some milk"}
I, [2022-02-26T23:30:48.625239 #3278]  INFO -- : Received response with status: 200, headers: {"Content-Length"=>"31", "Content-Type"=>"application/json; charset=UTF-8", "Date"=>"Sat, 26 Feb 2022 20:30:48 GMT"}, see debug logs for body
D, [2022-02-26T23:30:48.625308 #3278] DEBUG -- : body: {"id":2,"task":"buy some milk"}
I, [2022-02-26T23:30:48.627201 #3278]  INFO -- : Running example 'Verifying a pact between TodoApp and TodoService Given get todo list successfully a request not empty for todo list with GET /api/v1/todos returns a response which has status code 200'
I, [2022-02-26T23:30:48.627322 #3278]  INFO -- : Sending GET request to path: "/api/v1/todos" with headers: {"X_PACT_PROVIDER_STATES"=>[{"name"=>"get todo list successfully"}]}, see debug logs for body
D, [2022-02-26T23:30:48.627351 #3278] DEBUG -- : body :
I, [2022-02-26T23:30:48.629726 #3278]  INFO -- : Received response with status: 200, headers: {"Content-Length"=>"68", "Content-Type"=>"application/json; charset=UTF-8", "Date"=>"Sat, 26 Feb 2022 20:30:48 GMT"}, see debug logs for body
D, [2022-02-26T23:30:48.629785 #3278] DEBUG -- : body: [{"id":1,"task":"go to the market"},{"id":2,"task":"buy some milk"}]
I, [2022-02-26T23:37:51.547261 #3692]  INFO -- : Running example 'Verifying a pact between TodoApp and TodoService Given add todo successfully a request to create a new todo with POST /api/v1/todos returns a response which has status code 200'
I, [2022-02-26T23:37:51.547909 #3692]  INFO -- : Sending POST request to path: "/api/v1/todos" with headers: {"CONTENT_TYPE"=>"application/json", "HTTP_X_PACT_ORIGINAL_HEADER_NAMES"=>"Content-Type", "X_PACT_PROVIDER_STATES"=>[{"name"=>"add todo successfully"}]}, see debug logs for body
D, [2022-02-26T23:37:51.548029 #3692] DEBUG -- : body :{"task":"buy some milk"}
I, [2022-02-26T23:37:51.566537 #3692]  INFO -- : Received response with status: 200, headers: {"Content-Length"=>"31", "Content-Type"=>"application/json; charset=UTF-8", "Date"=>"Sat, 26 Feb 2022 20:37:51 GMT"}, see debug logs for body
D, [2022-02-26T23:37:51.566628 #3692] DEBUG -- : body: {"id":2,"task":"buy some milk"}
I, [2022-02-26T23:37:51.571431 #3692]  INFO -- : Running example 'Verifying a pact between TodoApp and TodoService Given get todo list successfully a request not empty for todo list with GET /api/v1/todos returns a response which has status code 200'
I, [2022-02-26T23:37:51.571573 #3692]  INFO -- : Sending GET request to path: "/api/v1/todos" with headers: {"X_PACT_PROVIDER_STATES"=>[{"name"=>"get todo list successfully"}]}, see debug logs for body
D, [2022-02-26T23:37:51.571607 #3692] DEBUG -- : body :
I, [2022-02-26T23:37:51.574314 #3692]  INFO -- : Received response with status: 200, headers: {"Content-Length"=>"68", "Content-Type"=>"application/json; charset=UTF-8", "Date"=>"Sat, 26 Feb 2022 20:37:51 GMT"}, see debug logs for body
D, [2022-02-26T23:37:51.574408 #3692] DEBUG -- : body: [{"id":1,"task":"go to the market"},{"id":2,"task":"buy some milk"}]
I, [2022-02-26T23:38:28.747130 #3783]  INFO -- : Running example 'Verifying a pact between TodoApp and TodoService Given add todo successfully a request to create a new todo with POST /api/v1/todos returns a response which has status code 200'
I, [2022-02-26T23:38:28.747323 #3783]  INFO -- : Sending POST request to path: "/api/v1/todos" with headers: {"CONTENT_TYPE"=>"application/json", "HTTP_X_PACT_ORIGINAL_HEADER_NAMES"=>"Content-Type", "X_PACT_PROVIDER_STATES"=>[{"name"=>"add todo successfully"}]}, see debug logs for body
D, [2022-02-26T23:38:28.747400 #3783] DEBUG -- : body :{"task":"buy some milk"}
I, [2022-02-26T23:38:28.757390 #3783]  INFO -- : Received response with status: 200, headers: {"Content-Length"=>"31", "Content-Type"=>"application/json; charset=UTF-8", "Date"=>"Sat, 26 Feb 2022 20:38:28 GMT"}, see debug logs for body
D, [2022-02-26T23:38:28.757461 #3783] DEBUG -- : body: {"id":2,"task":"buy some milk"}
I, [2022-02-26T23:38:28.759202 #3783]  INFO -- : Running example 'Verifying a pact between TodoApp and TodoService Given get todo list successfully a request not empty for todo list with GET /api/v1/todos returns a response which has status code 200'
I, [2022-02-26T23:38:28.759315 #3783]  INFO -- : Sending GET request to path: "/api/v1/todos" with headers: {"X_PACT_PROVIDER_STATES"=>[{"name"=>"get todo list successfully"}]}, see debug logs for body
D, [2022-02-26T23:38:28.759339 #3783] DEBUG -- : body :
I, [2022-02-26T23:38:28.764278 #3783]  INFO -- : Received response with status: 200, headers: {"Content-Length"=>"68", "Content-Type"=>"application/json; charset=UTF-8", "Date"=>"Sat, 26 Feb 2022 20:38:28 GMT"}, see debug logs for body
D, [2022-02-26T23:38:28.764333 #3783] DEBUG -- : body: [{"id":1,"task":"go to the market"},{"id":2,"task":"buy some milk"}]
I, [2022-02-26T23:39:18.230739 #3892]  INFO -- : Running example 'Verifying a pact between TodoApp and TodoService Given add todo successfully a request to create a new todo with POST /api/v1/todos returns a response which has status code 200'
I, [2022-02-26T23:39:18.231064 #3892]  INFO -- : Sending POST request to path: "/api/v1/todos" with headers: {"CONTENT_TYPE"=>"application/json", "HTTP_X_PACT_ORIGINAL_HEADER_NAMES"=>"Content-Type", "X_PACT_PROVIDER_STATES"=>[{"name"=>"add todo successfully"}]}, see debug logs for body
D, [2022-02-26T23:39:18.231120 #3892] DEBUG -- : body :{"task":"buy some milk"}
I, [2022-02-26T23:39:18.243412 #3892]  INFO -- : Received response with status: 200, headers: {"Content-Length"=>"31", "Content-Type"=>"application/json; charset=UTF-8", "Date"=>"Sat, 26 Feb 2022 20:39:18 GMT"}, see debug logs for body
D, [2022-02-26T23:39:18.243480 #3892] DEBUG -- : body: {"id":2,"task":"buy some milk"}
I, [2022-02-26T23:39:18.245217 #3892]  INFO -- : Running example 'Verifying a pact between TodoApp and TodoService Given get todo list successfully a request not empty for todo list with GET /api/v1/todos returns a response which has status code 200'
I, [2022-02-26T23:39:18.245342 #3892]  INFO -- : Sending GET request to path: "/api/v1/todos" with headers: {"X_PACT_PROVIDER_STATES"=>[{"name"=>"get todo list successfully"}]}, see debug logs for body
D, [2022-02-26T23:39:18.245370 #3892] DEBUG -- : body :
I, [2022-02-26T23:39:18.247473 #3892]  INFO -- : Received response with status: 200, headers: {"Content-Length"=>"68", "Content-Type"=>"application/json; charset=UTF-8", "Date"=>"Sat, 26 Feb 2022 20:39:18 GMT"}, see debug logs for body
D, [2022-02-26T23:39:18.247530 #3892] DEBUG -- : body: [{"id":1,"task":"go to the market"},{"id":2,"task":"buy some milk"}]
I, [2022-02-27T13:44:02.873684 #14608]  INFO -- : Running example 'Verifying a pact between TodoApp and TodoService Given add todo successfully a request to create a new todo with POST /api/v1/todos returns a response which has status code 200'
I, [2022-02-27T13:44:02.873968 #14608]  INFO -- : Sending POST request to path: "/api/v1/todos" with headers: {"CONTENT_TYPE"=>"application/json", "HTTP_X_PACT_ORIGINAL_HEADER_NAMES"=>"Content-Type", "X_PACT_PROVIDER_STATES"=>[{"name"=>"add todo successfully"}]}, see debug logs for body
D, [2022-02-27T13:44:02.874028 #14608] DEBUG -- : body :{"task":"buy some milk"}
I, [2022-02-27T13:44:02.894810 #14608]  INFO -- : Received response with status: 200, headers: {"Content-Length"=>"31", "Content-Type"=>"application/json; charset=UTF-8", "Date"=>"Sun, 27 Feb 2022 10:44:02 GMT"}, see debug logs for body
D, [2022-02-27T13:44:02.894923 #14608] DEBUG -- : body: {"id":2,"task":"buy some milk"}
I, [2022-02-27T13:44:02.897594 #14608]  INFO -- : Running example 'Verifying a pact between TodoApp and TodoService Given get todo list successfully a request not empty for todo list with GET /api/v1/todos returns a response which has status code 200'
I, [2022-02-27T13:44:02.897739 #14608]  INFO -- : Sending GET request to path: "/api/v1/todos" with headers: {"X_PACT_PROVIDER_STATES"=>[{"name"=>"get todo list successfully"}]}, see debug logs for body
D, [2022-02-27T13:44:02.897780 #14608] DEBUG -- : body :
I, [2022-02-27T13:44:02.901175 #14608]  INFO -- : Received response with status: 200, headers: {"Content-Length"=>"68", "Content-Type"=>"application/json; charset=UTF-8", "Date"=>"Sun, 27 Feb 2022 10:44:02 GMT"}, see debug logs for body
D, [2022-02-27T13:44:02.901251 #14608] DEBUG -- : body: [{"id":1,"task":"go to the market"},{"id":2,"task":"buy some milk"}]
I, [2022-02-27T22:47:05.793205 #26416]  INFO -- : Running example 'Verifying a pact between TodoApp and TodoService Given add todo successfully a request to create a new todo with POST /api/v1/todos returns a response which has status code 200'
I, [2022-02-27T22:47:05.794047 #26416]  INFO -- : Sending POST request to path: "/api/v1/todos" with headers: {"CONTENT_TYPE"=>"application/json", "HTTP_X_PACT_ORIGINAL_HEADER_NAMES"=>"Content-Type", "X_PACT_PROVIDER_STATES"=>[{"name"=>"add todo successfully"}]}, see debug logs for body
D, [2022-02-27T22:47:05.794158 #26416] DEBUG -- : body :{"task":"buy some milk"}
I, [2022-02-27T22:47:05.816727 #26416]  INFO -- : Received response with status: 200, headers: {"Content-Length"=>"31", "Content-Type"=>"application/json; charset=UTF-8", "Date"=>"Sun, 27 Feb 2022 19:47:05 GMT", "Vary"=>"Origin"}, see debug logs for body
D, [2022-02-27T22:47:05.816825 #26416] DEBUG -- : body: {"id":2,"task":"buy some milk"}
I, [2022-02-27T22:47:05.819107 #26416]  INFO -- : Running example 'Verifying a pact between TodoApp and TodoService Given get todo list successfully a request not empty for todo list with GET /api/v1/todos returns a response which has status code 200'
I, [2022-02-27T22:47:05.819351 #26416]  INFO -- : Sending GET request to path: "/api/v1/todos" with headers: {"X_PACT_PROVIDER_STATES"=>[{"name"=>"get todo list successfully"}]}, see debug logs for body
D, [2022-02-27T22:47:05.819747 #26416] DEBUG -- : body :
I, [2022-02-27T22:47:05.822450 #26416]  INFO -- : Received response with status: 200, headers: {"Content-Length"=>"68", "Content-Type"=>"application/json; charset=UTF-8", "Date"=>"Sun, 27 Feb 2022 19:47:05 GMT", "Vary"=>"Origin"}, see debug logs for body
D, [2022-02-27T22:47:05.822523 #26416] DEBUG -- : body: [{"id":1,"task":"go to the market"},{"id":2,"task":"buy some milk"}]
I, [2022-03-01T01:12:41.915506 #8728]  INFO -- : Running example 'Verifying a pact between TodoApp and TodoService Given add todo successfully a request to create a new todo with POST /api/v1/todos returns a response which has status code 200'
I, [2022-03-01T01:12:41.916757 #8728]  INFO -- : Sending POST request to path: "/api/v1/todos" with headers: {"CONTENT_TYPE"=>"application/json", "HTTP_X_PACT_ORIGINAL_HEADER_NAMES"=>"Content-Type", "X_PACT_PROVIDER_STATES"=>[{"name"=>"add todo successfully"}]}, see debug logs for body
D, [2022-03-01T01:12:41.916894 #8728] DEBUG -- : body :{"task":"buy some milk"}
I, [2022-03-01T01:12:41.943900 #8728]  INFO -- : Received response with status: 200, headers: {"Content-Length"=>"31", "Content-Type"=>"application/json; charset=UTF-8", "Date"=>"Mon, 28 Feb 2022 22:12:41 GMT", "Vary"=>"Origin"}, see debug logs for body
D, [2022-03-01T01:12:41.943981 #8728] DEBUG -- : body: {"id":2,"task":"buy some milk"}
I, [2022-03-01T01:12:41.945999 #8728]  INFO -- : Running example 'Verifying a pact between TodoApp and TodoService Given get todo list successfully a request not empty for todo list with GET /api/v1/todos returns a response which has status code 200'
I, [2022-03-01T01:12:41.946141 #8728]  INFO -- : Sending GET request to path: "/api/v1/todos" with headers: {"X_PACT_PROVIDER_STATES"=>[{"name"=>"get todo list successfully"}]}, see debug logs for body
D, [2022-03-01T01:12:41.946197 #8728] DEBUG -- : body :
I, [2022-03-01T01:12:41.949845 #8728]  INFO -- : Received response with status: 200, headers: {"Content-Length"=>"68", "Content-Type"=>"application/json; charset=UTF-8", "Date"=>"Mon, 28 Feb 2022 22:12:41 GMT", "Vary"=>"Origin"}, see debug logs for body
D, [2022-03-01T01:12:41.949933 #8728] DEBUG -- : body: [{"id":1,"task":"go to the market"},{"id":2,"task":"buy some milk"}]
I, [2022-03-01T01:13:36.194874 #8771]  INFO -- : Running example 'Verifying a pact between TodoApp and TodoService Given add todo successfully a request to create a new todo with POST /api/v1/todos returns a response which has status code 200'
I, [2022-03-01T01:13:36.195763 #8771]  INFO -- : Sending POST request to path: "/api/v1/todos" with headers: {"CONTENT_TYPE"=>"application/json", "HTTP_X_PACT_ORIGINAL_HEADER_NAMES"=>"Content-Type", "X_PACT_PROVIDER_STATES"=>[{"name"=>"add todo successfully"}]}, see debug logs for body
D, [2022-03-01T01:13:36.195870 #8771] DEBUG -- : body :{"task":"buy some milk"}
I, [2022-03-01T01:13:36.216121 #8771]  INFO -- : Received response with status: 200, headers: {"Content-Length"=>"31", "Content-Type"=>"application/json; charset=UTF-8", "Date"=>"Mon, 28 Feb 2022 22:13:36 GMT", "Vary"=>"Origin"}, see debug logs for body
D, [2022-03-01T01:13:36.216200 #8771] DEBUG -- : body: {"id":2,"task":"buy some milk"}
I, [2022-03-01T01:13:36.218022 #8771]  INFO -- : Running example 'Verifying a pact between TodoApp and TodoService Given get todo list successfully a request not empty for todo list with GET /api/v1/todos returns a response which has status code 200'
I, [2022-03-01T01:13:36.218125 #8771]  INFO -- : Sending GET request to path: "/api/v1/todos" with headers: {"X_PACT_PROVIDER_STATES"=>[{"name"=>"get todo list successfully"}]}, see debug logs for body
D, [2022-03-01T01:13:36.218155 #8771] DEBUG -- : body :
I, [2022-03-01T01:13:36.220515 #8771]  INFO -- : Received response with status: 200, headers: {"Content-Length"=>"68", "Content-Type"=>"application/json; charset=UTF-8", "Date"=>"Mon, 28 Feb 2022 22:13:36 GMT", "Vary"=>"Origin"}, see debug logs for body
D, [2022-03-01T01:13:36.220586 #8771] DEBUG -- : body: [{"id":1,"task":"go to the market"},{"id":2,"task":"buy some milk"}]
